<?xml version="1.0" encoding="UTF-8"?>
<testng-results skipped="0" failed="1" total="10" passed="9">
  <reporter-output>
  </reporter-output>
  <suite name="Orgvalidation" duration-ms="1700362" started-at="2019-02-15T11:01:03Z" finished-at="2019-02-15T11:29:23Z">
    <groups>
    </groups>
    <test name="ORG_DIR" duration-ms="244542" started-at="2019-02-15T11:01:03Z" finished-at="2019-02-15T11:05:07Z">
      <class name="IDDAutomation.OrgNm_DIR_Test">
        <test-method status="PASS" signature="DIR_Val()[pri:0, instance:IDDAutomation.OrgNm_DIR_Test@708f5957]" name="DIR_Val" duration-ms="242787" started-at="2019-02-15T16:31:03Z" finished-at="2019-02-15T16:35:06Z">
          <reporter-output>
          </reporter-output>
        </test-method> <!-- DIR_Val -->
        <test-method status="PASS" signature="teardown()[pri:0, instance:IDDAutomation.OrgNm_DIR_Test@708f5957]" name="teardown" is-config="true" duration-ms="234" started-at="2019-02-15T16:35:07Z" finished-at="2019-02-15T16:35:07Z">
          <reporter-output>
          </reporter-output>
        </test-method> <!-- teardown -->
      </class> <!-- IDDAutomation.OrgNm_DIR_Test -->
    </test> <!-- ORG_DIR -->
    <test name="ORG_AGN" duration-ms="333288" started-at="2019-02-15T11:05:07Z" finished-at="2019-02-15T11:10:41Z">
      <class name="IDDAutomation.OrgNm_AGN_Test">
        <test-method status="PASS" signature="AGN_Val()[pri:0, instance:IDDAutomation.OrgNm_AGN_Test@dbf57b3]" name="AGN_Val" duration-ms="331371" started-at="2019-02-15T16:35:07Z" finished-at="2019-02-15T16:40:39Z">
          <reporter-output>
          </reporter-output>
        </test-method> <!-- AGN_Val -->
        <test-method status="PASS" signature="teardown()[pri:0, instance:IDDAutomation.OrgNm_AGN_Test@dbf57b3]" name="teardown" is-config="true" duration-ms="361" started-at="2019-02-15T16:40:40Z" finished-at="2019-02-15T16:40:41Z">
          <reporter-output>
          </reporter-output>
        </test-method> <!-- teardown -->
      </class> <!-- IDDAutomation.OrgNm_AGN_Test -->
    </test> <!-- ORG_AGN -->
    <test name="ORG_MGS" duration-ms="333579" started-at="2019-02-15T11:10:41Z" finished-at="2019-02-15T11:16:14Z">
      <class name="IDDAutomation.OrgNm_MGS_Test">
        <test-method status="PASS" signature="MGS_Val()[pri:0, instance:IDDAutomation.OrgNm_MGS_Test@42e99e4a]" name="MGS_Val" duration-ms="329625" started-at="2019-02-15T16:40:41Z" finished-at="2019-02-15T16:46:10Z">
          <reporter-output>
          </reporter-output>
        </test-method> <!-- MGS_Val -->
        <test-method status="PASS" signature="teardown()[pri:0, instance:IDDAutomation.OrgNm_MGS_Test@42e99e4a]" name="teardown" is-config="true" duration-ms="2390" started-at="2019-02-15T16:46:12Z" finished-at="2019-02-15T16:46:14Z">
          <reporter-output>
          </reporter-output>
        </test-method> <!-- teardown -->
      </class> <!-- IDDAutomation.OrgNm_MGS_Test -->
    </test> <!-- ORG_MGS -->
    <test name="ORG_NCS" duration-ms="332977" started-at="2019-02-15T11:16:14Z" finished-at="2019-02-15T11:21:47Z">
      <class name="IDDAutomation.OrgNm_NCS_Test">
        <test-method status="PASS" signature="NCS_Val()[pri:0, instance:IDDAutomation.OrgNm_NCS_Test@15ff3e9e]" name="NCS_Val" duration-ms="328613" started-at="2019-02-15T16:46:14Z" finished-at="2019-02-15T16:51:43Z">
          <reporter-output>
          </reporter-output>
        </test-method> <!-- NCS_Val -->
        <test-method status="PASS" signature="teardown()[pri:0, instance:IDDAutomation.OrgNm_NCS_Test@15ff3e9e]" name="teardown" is-config="true" duration-ms="2387" started-at="2019-02-15T16:51:45Z" finished-at="2019-02-15T16:51:47Z">
          <reporter-output>
          </reporter-output>
        </test-method> <!-- teardown -->
      </class> <!-- IDDAutomation.OrgNm_NCS_Test -->
    </test> <!-- ORG_NCS -->
    <test name="ORG_PARTY" duration-ms="331164" started-at="2019-02-15T11:21:47Z" finished-at="2019-02-15T11:27:18Z">
      <class name="IDDAutomation.OrgNm_Party_Test">
        <test-method status="PASS" signature="Party_Val()[pri:0, instance:IDDAutomation.OrgNm_Party_Test@71809907]" name="Party_Val" duration-ms="328768" started-at="2019-02-15T16:51:47Z" finished-at="2019-02-15T16:57:16Z">
          <reporter-output>
          </reporter-output>
        </test-method> <!-- Party_Val -->
        <test-method status="PASS" signature="teardown()[pri:0, instance:IDDAutomation.OrgNm_Party_Test@71809907]" name="teardown" is-config="true" duration-ms="172" started-at="2019-02-15T16:57:18Z" finished-at="2019-02-15T16:57:18Z">
          <reporter-output>
          </reporter-output>
        </test-method> <!-- teardown -->
      </class> <!-- IDDAutomation.OrgNm_Party_Test -->
    </test> <!-- ORG_PARTY -->
    <test name="GROUP_NM" duration-ms="124702" started-at="2019-02-15T11:27:18Z" finished-at="2019-02-15T11:29:23Z">
      <class name="IDDAutomation.GroupName_Test">
        <test-method status="PASS" signature="GroupName_Val()[pri:0, instance:IDDAutomation.GroupName_Test@3bb9a3ff]" name="GroupName_Val" duration-ms="121052" started-at="2019-02-15T16:57:18Z" finished-at="2019-02-15T16:59:19Z">
          <reporter-output>
          </reporter-output>
        </test-method> <!-- GroupName_Val -->
        <test-method status="PASS" signature="teardown()[pri:0, instance:IDDAutomation.GroupName_Test@3bb9a3ff]" name="teardown" is-config="true" duration-ms="2392" started-at="2019-02-15T16:59:21Z" finished-at="2019-02-15T16:59:23Z">
          <reporter-output>
          </reporter-output>
        </test-method> <!-- teardown -->
      </class> <!-- IDDAutomation.GroupName_Test -->
    </test> <!-- GROUP_NM -->
  </suite> <!-- Orgvalidation -->
  <suite name="Partyvalidation" duration-ms="516315" started-at="2019-02-15T11:35:20Z" finished-at="2019-02-15T11:43:56Z">
    <groups>
    </groups>
    <test name="PROD_ORG" duration-ms="258126" started-at="2019-02-15T11:35:20Z" finished-at="2019-02-15T11:39:38Z">
      <class name="IDDAutomation.OrgNm_PROD_Test">
        <test-method status="FAIL" signature="ORG_Val()[pri:0, instance:IDDAutomation.OrgNm_PROD_Test@222545dc]" name="ORG_Val" duration-ms="99440" started-at="2019-02-15T16:59:23Z" finished-at="2019-02-15T17:01:03Z">
          <exception class="org.openqa.selenium.NoSuchElementException">
            <message>
              <![CDATA[no such element: Unable to locate element: {"method":"xpath","selector":"//td[contains(text(),'Open Hierarchy')]"}
  (Session info: chrome=71.0.3578.98)
  (Driver info: chromedriver=2.36.540470 (e522d04694c7ebea4ba8821272dbef4f9b818c91),platform=Windows NT 10.0.16299 x86_64) (WARNING: The server did not provide any stacktrace information)
Command duration or timeout: 0 milliseconds
For documentation on this error, please visit: https://www.seleniumhq.org/exceptions/no_such_element.html
Build info: version: '3.141.59', revision: 'e82be7d358', time: '2018-11-14T08:17:03'
System info: host: 'FAI-BLR03L1352', ip: '172.23.178.134', os.name: 'Windows 10', os.arch: 'amd64', os.version: '10.0', java.version: '1.8.0_161'
Driver info: org.openqa.selenium.chrome.ChromeDriver
Capabilities {acceptInsecureCerts: false, acceptSslCerts: false, applicationCacheEnabled: false, browserConnectionEnabled: false, browserName: chrome, chrome: {chromedriverVersion: 2.36.540470 (e522d04694c7eb..., userDataDir: C:\Users\KRANGA~1\AppData\L...}, cssSelectorsEnabled: true, databaseEnabled: false, handlesAlerts: true, hasTouchScreen: false, javascriptEnabled: true, locationContextEnabled: true, mobileEmulationEnabled: false, nativeEvents: true, networkConnectionEnabled: false, pageLoadStrategy: normal, platform: XP, platformName: XP, rotatable: false, setWindowRect: true, takesHeapSnapshot: true, takesScreenshot: true, unexpectedAlertBehaviour: , unhandledPromptBehavior: , version: 71.0.3578.98, webStorageEnabled: true}
Session ID: befb7dfb3ef3d28999a2c0d8eda3dee4
*** Element info: {Using=xpath, value=//td[contains(text(),'Open Hierarchy')]}]]>
            </message>
            <full-stacktrace>
              <![CDATA[org.openqa.selenium.NoSuchElementException: no such element: Unable to locate element: {"method":"xpath","selector":"//td[contains(text(),'Open Hierarchy')]"}
  (Session info: chrome=71.0.3578.98)
  (Driver info: chromedriver=2.36.540470 (e522d04694c7ebea4ba8821272dbef4f9b818c91),platform=Windows NT 10.0.16299 x86_64) (WARNING: The server did not provide any stacktrace information)
Command duration or timeout: 0 milliseconds
For documentation on this error, please visit: https://www.seleniumhq.org/exceptions/no_such_element.html
Build info: version: '3.141.59', revision: 'e82be7d358', time: '2018-11-14T08:17:03'
System info: host: 'FAI-BLR03L1352', ip: '172.23.178.134', os.name: 'Windows 10', os.arch: 'amd64', os.version: '10.0', java.version: '1.8.0_161'
Driver info: org.openqa.selenium.chrome.ChromeDriver
Capabilities {acceptInsecureCerts: false, acceptSslCerts: false, applicationCacheEnabled: false, browserConnectionEnabled: false, browserName: chrome, chrome: {chromedriverVersion: 2.36.540470 (e522d04694c7eb..., userDataDir: C:\Users\KRANGA~1\AppData\L...}, cssSelectorsEnabled: true, databaseEnabled: false, handlesAlerts: true, hasTouchScreen: false, javascriptEnabled: true, locationContextEnabled: true, mobileEmulationEnabled: false, nativeEvents: true, networkConnectionEnabled: false, pageLoadStrategy: normal, platform: XP, platformName: XP, rotatable: false, setWindowRect: true, takesHeapSnapshot: true, takesScreenshot: true, unexpectedAlertBehaviour: , unhandledPromptBehavior: , version: 71.0.3578.98, webStorageEnabled: true}
Session ID: befb7dfb3ef3d28999a2c0d8eda3dee4
*** Element info: {Using=xpath, value=//td[contains(text(),'Open Hierarchy')]}
	at sun.reflect.GeneratedConstructorAccessor22.newInstance(Unknown Source)
	at sun.reflect.DelegatingConstructorAccessorImpl.newInstance(DelegatingConstructorAccessorImpl.java:45)
	at java.lang.reflect.Constructor.newInstance(Constructor.java:423)
	at org.openqa.selenium.remote.ErrorHandler.createThrowable(ErrorHandler.java:214)
	at org.openqa.selenium.remote.ErrorHandler.throwIfResponseFailed(ErrorHandler.java:166)
	at org.openqa.selenium.remote.http.JsonHttpResponseCodec.reconstructValue(JsonHttpResponseCodec.java:40)
	at org.openqa.selenium.remote.http.AbstractHttpResponseCodec.decode(AbstractHttpResponseCodec.java:80)
	at org.openqa.selenium.remote.http.AbstractHttpResponseCodec.decode(AbstractHttpResponseCodec.java:44)
	at org.openqa.selenium.remote.HttpCommandExecutor.execute(HttpCommandExecutor.java:158)
	at org.openqa.selenium.remote.service.DriverCommandExecutor.execute(DriverCommandExecutor.java:83)
	at org.openqa.selenium.remote.RemoteWebDriver.execute(RemoteWebDriver.java:552)
	at org.openqa.selenium.remote.RemoteWebDriver.findElement(RemoteWebDriver.java:323)
	at org.openqa.selenium.remote.RemoteWebDriver.findElementByXPath(RemoteWebDriver.java:428)
	at org.openqa.selenium.By$ByXPath.findElement(By.java:353)
	at org.openqa.selenium.remote.RemoteWebDriver.findElement(RemoteWebDriver.java:315)
	at org.openqa.selenium.support.pagefactory.DefaultElementLocator.findElement(DefaultElementLocator.java:69)
	at org.openqa.selenium.support.pagefactory.internal.LocatingElementHandler.invoke(LocatingElementHandler.java:38)
	at com.sun.proxy.$Proxy22.getText(Unknown Source)
	at IDDAutomation.OrgNm_PROD_Test.ORG_Val(OrgNm_PROD_Test.java:51)
	at sun.reflect.NativeMethodAccessorImpl.invoke0(Native Method)
	at sun.reflect.NativeMethodAccessorImpl.invoke(NativeMethodAccessorImpl.java:62)
	at sun.reflect.DelegatingMethodAccessorImpl.invoke(DelegatingMethodAccessorImpl.java:43)
	at java.lang.reflect.Method.invoke(Method.java:498)
	at org.testng.internal.MethodInvocationHelper.invokeMethod(MethodInvocationHelper.java:80)
	at org.testng.internal.Invoker.invokeMethod(Invoker.java:714)
	at org.testng.internal.Invoker.invokeTestMethod(Invoker.java:901)
	at org.testng.internal.Invoker.invokeTestMethods(Invoker.java:1231)
	at org.testng.internal.TestMethodWorker.invokeTestMethods(TestMethodWorker.java:127)
	at org.testng.internal.TestMethodWorker.run(TestMethodWorker.java:111)
	at org.testng.TestRunner.privateRun(TestRunner.java:767)
	at org.testng.TestRunner.run(TestRunner.java:617)
	at org.testng.SuiteRunner.runTest(SuiteRunner.java:334)
	at org.testng.SuiteRunner.runSequentially(SuiteRunner.java:329)
	at org.testng.SuiteRunner.privateRun(SuiteRunner.java:291)
	at org.testng.SuiteRunner.run(SuiteRunner.java:240)
	at org.testng.SuiteRunnerWorker.runSuite(SuiteRunnerWorker.java:52)
	at org.testng.SuiteRunnerWorker.run(SuiteRunnerWorker.java:86)
	at org.testng.TestNG.runSuitesSequentially(TestNG.java:1198)
	at org.testng.TestNG.runSuitesLocally(TestNG.java:1123)
	at org.testng.TestNG.run(TestNG.java:1031)
	at org.apache.maven.surefire.testng.TestNGExecutor.run(TestNGExecutor.java:283)
	at org.apache.maven.surefire.testng.TestNGXmlTestSuite.execute(TestNGXmlTestSuite.java:75)
	at org.apache.maven.surefire.testng.TestNGProvider.invoke(TestNGProvider.java:120)
	at org.apache.maven.surefire.booter.ForkedBooter.invokeProviderInSameClassLoader(ForkedBooter.java:384)
	at org.apache.maven.surefire.booter.ForkedBooter.runSuitesInProcess(ForkedBooter.java:345)
	at org.apache.maven.surefire.booter.ForkedBooter.execute(ForkedBooter.java:126)
	at org.apache.maven.surefire.booter.ForkedBooter.main(ForkedBooter.java:418)
]]>
            </full-stacktrace>
          </exception> <!-- org.openqa.selenium.NoSuchElementException -->
          <reporter-output>
          </reporter-output>
        </test-method> <!-- ORG_Val -->
        <test-method status="PASS" signature="teardown()[pri:0, instance:IDDAutomation.OrgNm_PROD_Test@222545dc]" name="teardown" is-config="true" duration-ms="2101" started-at="2019-02-15T17:01:04Z" finished-at="2019-02-15T17:01:06Z">
          <reporter-output>
          </reporter-output>
        </test-method> <!-- teardown -->
        <test-method status="PASS" signature="ORG_Val()[pri:0, instance:IDDAutomation.OrgNm_PROD_Test@222545dc]" name="ORG_Val" duration-ms="256256" started-at="2019-02-15T17:05:20Z" finished-at="2019-02-15T17:09:36Z">
          <reporter-output>
          </reporter-output>
        </test-method> <!-- ORG_Val -->
        <test-method status="PASS" signature="teardown()[pri:0, instance:IDDAutomation.OrgNm_PROD_Test@222545dc]" name="teardown" is-config="true" duration-ms="250" started-at="2019-02-15T17:09:38Z" finished-at="2019-02-15T17:09:38Z">
          <reporter-output>
          </reporter-output>
        </test-method> <!-- teardown -->
      </class> <!-- IDDAutomation.OrgNm_PROD_Test -->
    </test> <!-- PROD_ORG -->
    <test name="PROD_PARTY" duration-ms="258173" started-at="2019-02-15T11:39:38Z" finished-at="2019-02-15T11:43:56Z">
      <class name="IDDAutomation.partyNm_PROD_Test">
        <test-method status="PASS" signature="Party_Val()[pri:0, instance:IDDAutomation.partyNm_PROD_Test@38c6f217]" name="Party_Val" duration-ms="249983" started-at="2019-02-15T17:01:06Z" finished-at="2019-02-15T17:05:16Z">
          <reporter-output>
          </reporter-output>
        </test-method> <!-- Party_Val -->
        <test-method status="PASS" signature="teardown()[pri:0, instance:IDDAutomation.partyNm_PROD_Test@38c6f217]" name="teardown" is-config="true" duration-ms="2388" started-at="2019-02-15T17:05:17Z" finished-at="2019-02-15T17:05:20Z">
          <reporter-output>
          </reporter-output>
        </test-method> <!-- teardown -->
        <test-method status="PASS" signature="Party_Val()[pri:0, instance:IDDAutomation.partyNm_PROD_Test@38c6f217]" name="Party_Val" duration-ms="256512" started-at="2019-02-15T17:09:38Z" finished-at="2019-02-15T17:13:54Z">
          <reporter-output>
          </reporter-output>
        </test-method> <!-- Party_Val -->
        <test-method status="PASS" signature="teardown()[pri:0, instance:IDDAutomation.partyNm_PROD_Test@38c6f217]" name="teardown" is-config="true" duration-ms="235" started-at="2019-02-15T17:13:56Z" finished-at="2019-02-15T17:13:56Z">
          <reporter-output>
          </reporter-output>
        </test-method> <!-- teardown -->
      </class> <!-- IDDAutomation.partyNm_PROD_Test -->
    </test> <!-- PROD_PARTY -->
  </suite> <!-- Partyvalidation -->
</testng-results>
